<?xml version="1.0" encoding="UTF-8"?>
<testng-results skipped="0" failed="3" ignored="0" total="4" passed="1">
  <reporter-output>
    <line>
      <![CDATA[LoginTest successfully executed]]>
    </line>
    <line>
      <![CDATA[Capturing screenshot]]>
    </line>
    <line>
      <![CDATA[<a target =" _blank" href = Sat_Jun_27_10_21_35_CDT_2020.png>Screenshot</a>]]>
    </line>
    <line>
      <![CDATA[<br />]]>
    </line>
    <line>
      <![CDATA[<a target =" _blank" href = Sat_Jun_27_10_21_35_CDT_2020.png><img src =Sat_Jun_27_10_21_35_CDT_2020.png height ="100" width = "150"></img></a>]]>
    </line>
    <line>
      <![CDATA[Capturing screenshot]]>
    </line>
    <line>
      <![CDATA[<a target =" _blank" href = Sat_Jun_27_10_21_36_CDT_2020.png>Screenshot</a>]]>
    </line>
    <line>
      <![CDATA[<br />]]>
    </line>
    <line>
      <![CDATA[<a target =" _blank" href = Sat_Jun_27_10_21_36_CDT_2020.png><img src =Sat_Jun_27_10_21_36_CDT_2020.png height ="100" width = "150"></img></a>]]>
    </line>
    <line>
      <![CDATA[Capturing screenshot]]>
    </line>
    <line>
      <![CDATA[<a target =" _blank" href = Sat_Jun_27_10_21_38_CDT_2020.png>Screenshot</a>]]>
    </line>
    <line>
      <![CDATA[<br />]]>
    </line>
    <line>
      <![CDATA[<a target =" _blank" href = Sat_Jun_27_10_21_38_CDT_2020.png><img src =Sat_Jun_27_10_21_38_CDT_2020.png height ="100" width = "150"></img></a>]]>
    </line>
  </reporter-output>
  <suite name="Data Driver Basics" duration-ms="8688" started-at="2020-06-27T15:21:29Z" finished-at="2020-06-27T15:21:38Z">
    <groups>
    </groups>
    <test name="Bank Manager LoginTest" duration-ms="3298" started-at="2020-06-27T15:21:29Z" finished-at="2020-06-27T15:21:32Z">
      <class name="com.w2a.testcases.BangkManagerLoginTest">
        <test-method status="PASS" signature="loginAsBankManager()[pri:0, instance:com.w2a.testcases.BangkManagerLoginTest@3116c353]" name="loginAsBankManager" duration-ms="3275" started-at="2020-06-27T15:21:29Z" finished-at="2020-06-27T15:21:32Z">
          <reporter-output>
            <line>
              <![CDATA[LoginTest successfully executed]]>
            </line>
          </reporter-output>
        </test-method> <!-- loginAsBankManager -->
      </class> <!-- com.w2a.testcases.BangkManagerLoginTest -->
    </test> <!-- Bank Manager LoginTest -->
    <test name="Add Customer Test" duration-ms="4866" started-at="2020-06-27T15:21:33Z" finished-at="2020-06-27T15:21:38Z">
      <class name="com.w2a.testcases.AddCustomerTest">
        <test-method status="PASS" signature="setUp()[pri:0, instance:com.w2a.testcases.AddCustomerTest@59e2d8e3]" name="setUp" is-config="true" duration-ms="9240" started-at="2020-06-27T15:21:20Z" finished-at="2020-06-27T15:21:29Z">
          <reporter-output>
          </reporter-output>
        </test-method> <!-- setUp -->
        <test-method status="FAIL" signature="AddCustomer(java.lang.String, java.lang.String, java.lang.String, java.lang.String)[pri:0, instance:com.w2a.testcases.AddCustomerTest@59e2d8e3]" name="AddCustomer" duration-ms="1162" started-at="2020-06-27T15:21:33Z" data-provider="getData" finished-at="2020-06-27T15:21:34Z">
          <params>
            <param index="0">
              <value>
                <![CDATA[Mridul]]>
              </value>
            </param>
            <param index="1">
              <value>
                <![CDATA[Shrestha]]>
              </value>
            </param>
            <param index="2">
              <value>
                <![CDATA[55024.0]]>
              </value>
            </param>
            <param index="3">
              <value>
                <![CDATA[Customer added successfully]]>
              </value>
            </param>
          </params>
          <exception class="java.lang.AssertionError">
            <message>
              <![CDATA[null]]>
            </message>
            <full-stacktrace>
              <![CDATA[java.lang.AssertionError: null
at org.testng.Assert.fail(Assert.java:96)
at org.testng.Assert.fail(Assert.java:103)
at com.w2a.testcases.AddCustomerTest.AddCustomer(AddCustomerTest.java:31)
at sun.reflect.NativeMethodAccessorImpl.invoke0(Native Method)
at sun.reflect.NativeMethodAccessorImpl.invoke(NativeMethodAccessorImpl.java:62)
at sun.reflect.DelegatingMethodAccessorImpl.invoke(DelegatingMethodAccessorImpl.java:43)
at java.lang.reflect.Method.invoke(Method.java:498)
at org.testng.internal.MethodInvocationHelper.invokeMethod(MethodInvocationHelper.java:124)
at org.testng.internal.Invoker.invokeMethod(Invoker.java:583)
at org.testng.internal.Invoker.invokeTestMethod(Invoker.java:719)
at org.testng.internal.Invoker.invokeTestMethods(Invoker.java:989)
at org.testng.internal.TestMethodWorker.invokeTestMethods(TestMethodWorker.java:125)
at org.testng.internal.TestMethodWorker.run(TestMethodWorker.java:109)
at org.testng.TestRunner.privateRun(TestRunner.java:648)
at org.testng.TestRunner.run(TestRunner.java:505)
at org.testng.SuiteRunner.runTest(SuiteRunner.java:455)
at org.testng.SuiteRunner.runSequentially(SuiteRunner.java:450)
at org.testng.SuiteRunner.privateRun(SuiteRunner.java:415)
at org.testng.SuiteRunner.run(SuiteRunner.java:364)
at org.testng.SuiteRunnerWorker.runSuite(SuiteRunnerWorker.java:52)
at org.testng.SuiteRunnerWorker.run(SuiteRunnerWorker.java:84)
at org.testng.TestNG.runSuitesSequentially(TestNG.java:1208)
at org.testng.TestNG.runSuitesLocally(TestNG.java:1137)
at org.testng.TestNG.runSuites(TestNG.java:1049)
at org.testng.TestNG.run(TestNG.java:1017)
at org.apache.maven.surefire.testng.TestNGExecutor.run(TestNGExecutor.java:283)
at org.apache.maven.surefire.testng.TestNGXmlTestSuite.execute(TestNGXmlTestSuite.java:75)
at org.apache.maven.surefire.testng.TestNGProvider.invoke(TestNGProvider.java:120)
at org.apache.maven.surefire.booter.ForkedBooter.invokeProviderInSameClassLoader(ForkedBooter.java:384)
at org.apache.maven.surefire.booter.ForkedBooter.runSuitesInProcess(ForkedBooter.java:345)
at org.apache.maven.surefire.booter.ForkedBooter.execute(ForkedBooter.java:126)
at org.apache.maven.surefire.booter.ForkedBooter.main(ForkedBooter.java:418)
]]>
            </full-stacktrace>
          </exception> <!-- java.lang.AssertionError -->
          <reporter-output>
            <line>
              <![CDATA[Capturing screenshot]]>
            </line>
            <line>
              <![CDATA[<a target =" _blank" href = Sat_Jun_27_10_21_35_CDT_2020.png>Screenshot</a>]]>
            </line>
            <line>
              <![CDATA[<br />]]>
            </line>
            <line>
              <![CDATA[<a target =" _blank" href = Sat_Jun_27_10_21_35_CDT_2020.png><img src =Sat_Jun_27_10_21_35_CDT_2020.png height ="100" width = "150"></img></a>]]>
            </line>
          </reporter-output>
        </test-method> <!-- AddCustomer -->
        <test-method status="FAIL" signature="AddCustomer(java.lang.String, java.lang.String, java.lang.String, java.lang.String)[pri:0, instance:com.w2a.testcases.AddCustomerTest@59e2d8e3]" name="AddCustomer" duration-ms="390" started-at="2020-06-27T15:21:35Z" data-provider="getData" finished-at="2020-06-27T15:21:35Z">
          <params>
            <param index="0">
              <value>
                <![CDATA[Bedana]]>
              </value>
            </param>
            <param index="1">
              <value>
                <![CDATA[Karmacharya]]>
              </value>
            </param>
            <param index="2">
              <value>
                <![CDATA[55423.0]]>
              </value>
            </param>
            <param index="3">
              <value>
                <![CDATA[Customer added successfully]]>
              </value>
            </param>
          </params>
          <exception class="java.lang.AssertionError">
            <message>
              <![CDATA[null]]>
            </message>
            <full-stacktrace>
              <![CDATA[java.lang.AssertionError: null
at org.testng.Assert.fail(Assert.java:96)
at org.testng.Assert.fail(Assert.java:103)
at com.w2a.testcases.AddCustomerTest.AddCustomer(AddCustomerTest.java:31)
at sun.reflect.NativeMethodAccessorImpl.invoke0(Native Method)
at sun.reflect.NativeMethodAccessorImpl.invoke(NativeMethodAccessorImpl.java:62)
at sun.reflect.DelegatingMethodAccessorImpl.invoke(DelegatingMethodAccessorImpl.java:43)
at java.lang.reflect.Method.invoke(Method.java:498)
at org.testng.internal.MethodInvocationHelper.invokeMethod(MethodInvocationHelper.java:124)
at org.testng.internal.Invoker.invokeMethod(Invoker.java:583)
at org.testng.internal.Invoker.invokeTestMethod(Invoker.java:719)
at org.testng.internal.Invoker.invokeTestMethods(Invoker.java:989)
at org.testng.internal.TestMethodWorker.invokeTestMethods(TestMethodWorker.java:125)
at org.testng.internal.TestMethodWorker.run(TestMethodWorker.java:109)
at org.testng.TestRunner.privateRun(TestRunner.java:648)
at org.testng.TestRunner.run(TestRunner.java:505)
at org.testng.SuiteRunner.runTest(SuiteRunner.java:455)
at org.testng.SuiteRunner.runSequentially(SuiteRunner.java:450)
at org.testng.SuiteRunner.privateRun(SuiteRunner.java:415)
at org.testng.SuiteRunner.run(SuiteRunner.java:364)
at org.testng.SuiteRunnerWorker.runSuite(SuiteRunnerWorker.java:52)
at org.testng.SuiteRunnerWorker.run(SuiteRunnerWorker.java:84)
at org.testng.TestNG.runSuitesSequentially(TestNG.java:1208)
at org.testng.TestNG.runSuitesLocally(TestNG.java:1137)
at org.testng.TestNG.runSuites(TestNG.java:1049)
at org.testng.TestNG.run(TestNG.java:1017)
at org.apache.maven.surefire.testng.TestNGExecutor.run(TestNGExecutor.java:283)
at org.apache.maven.surefire.testng.TestNGXmlTestSuite.execute(TestNGXmlTestSuite.java:75)
at org.apache.maven.surefire.testng.TestNGProvider.invoke(TestNGProvider.java:120)
at org.apache.maven.surefire.booter.ForkedBooter.invokeProviderInSameClassLoader(ForkedBooter.java:384)
at org.apache.maven.surefire.booter.ForkedBooter.runSuitesInProcess(ForkedBooter.java:345)
at org.apache.maven.surefire.booter.ForkedBooter.execute(ForkedBooter.java:126)
at org.apache.maven.surefire.booter.ForkedBooter.main(ForkedBooter.java:418)
]]>
            </full-stacktrace>
          </exception> <!-- java.lang.AssertionError -->
          <reporter-output>
            <line>
              <![CDATA[Capturing screenshot]]>
            </line>
            <line>
              <![CDATA[<a target =" _blank" href = Sat_Jun_27_10_21_36_CDT_2020.png>Screenshot</a>]]>
            </line>
            <line>
              <![CDATA[<br />]]>
            </line>
            <line>
              <![CDATA[<a target =" _blank" href = Sat_Jun_27_10_21_36_CDT_2020.png><img src =Sat_Jun_27_10_21_36_CDT_2020.png height ="100" width = "150"></img></a>]]>
            </line>
          </reporter-output>
        </test-method> <!-- AddCustomer -->
        <test-method status="FAIL" signature="AddCustomer(java.lang.String, java.lang.String, java.lang.String, java.lang.String)[pri:0, instance:com.w2a.testcases.AddCustomerTest@59e2d8e3]" name="AddCustomer" duration-ms="427" started-at="2020-06-27T15:21:36Z" data-provider="getData" finished-at="2020-06-27T15:21:37Z">
          <params>
            <param index="0">
              <value>
                <![CDATA[Shyamji]]>
              </value>
            </param>
            <param index="1">
              <value>
                <![CDATA[Newyorkwale]]>
              </value>
            </param>
            <param index="2">
              <value>
                <![CDATA[55025.0]]>
              </value>
            </param>
            <param index="3">
              <value>
                <![CDATA[Customer added successfully]]>
              </value>
            </param>
          </params>
          <exception class="java.lang.AssertionError">
            <message>
              <![CDATA[null]]>
            </message>
            <full-stacktrace>
              <![CDATA[java.lang.AssertionError: null
at org.testng.Assert.fail(Assert.java:96)
at org.testng.Assert.fail(Assert.java:103)
at com.w2a.testcases.AddCustomerTest.AddCustomer(AddCustomerTest.java:31)
at sun.reflect.NativeMethodAccessorImpl.invoke0(Native Method)
at sun.reflect.NativeMethodAccessorImpl.invoke(NativeMethodAccessorImpl.java:62)
at sun.reflect.DelegatingMethodAccessorImpl.invoke(DelegatingMethodAccessorImpl.java:43)
at java.lang.reflect.Method.invoke(Method.java:498)
at org.testng.internal.MethodInvocationHelper.invokeMethod(MethodInvocationHelper.java:124)
at org.testng.internal.Invoker.invokeMethod(Invoker.java:583)
at org.testng.internal.Invoker.invokeTestMethod(Invoker.java:719)
at org.testng.internal.Invoker.invokeTestMethods(Invoker.java:989)
at org.testng.internal.TestMethodWorker.invokeTestMethods(TestMethodWorker.java:125)
at org.testng.internal.TestMethodWorker.run(TestMethodWorker.java:109)
at org.testng.TestRunner.privateRun(TestRunner.java:648)
at org.testng.TestRunner.run(TestRunner.java:505)
at org.testng.SuiteRunner.runTest(SuiteRunner.java:455)
at org.testng.SuiteRunner.runSequentially(SuiteRunner.java:450)
at org.testng.SuiteRunner.privateRun(SuiteRunner.java:415)
at org.testng.SuiteRunner.run(SuiteRunner.java:364)
at org.testng.SuiteRunnerWorker.runSuite(SuiteRunnerWorker.java:52)
at org.testng.SuiteRunnerWorker.run(SuiteRunnerWorker.java:84)
at org.testng.TestNG.runSuitesSequentially(TestNG.java:1208)
at org.testng.TestNG.runSuitesLocally(TestNG.java:1137)
at org.testng.TestNG.runSuites(TestNG.java:1049)
at org.testng.TestNG.run(TestNG.java:1017)
at org.apache.maven.surefire.testng.TestNGExecutor.run(TestNGExecutor.java:283)
at org.apache.maven.surefire.testng.TestNGXmlTestSuite.execute(TestNGXmlTestSuite.java:75)
at org.apache.maven.surefire.testng.TestNGProvider.invoke(TestNGProvider.java:120)
at org.apache.maven.surefire.booter.ForkedBooter.invokeProviderInSameClassLoader(ForkedBooter.java:384)
at org.apache.maven.surefire.booter.ForkedBooter.runSuitesInProcess(ForkedBooter.java:345)
at org.apache.maven.surefire.booter.ForkedBooter.execute(ForkedBooter.java:126)
at org.apache.maven.surefire.booter.ForkedBooter.main(ForkedBooter.java:418)
]]>
            </full-stacktrace>
          </exception> <!-- java.lang.AssertionError -->
          <reporter-output>
            <line>
              <![CDATA[Capturing screenshot]]>
            </line>
            <line>
              <![CDATA[<a target =" _blank" href = Sat_Jun_27_10_21_38_CDT_2020.png>Screenshot</a>]]>
            </line>
            <line>
              <![CDATA[<br />]]>
            </line>
            <line>
              <![CDATA[<a target =" _blank" href = Sat_Jun_27_10_21_38_CDT_2020.png><img src =Sat_Jun_27_10_21_38_CDT_2020.png height ="100" width = "150"></img></a>]]>
            </line>
          </reporter-output>
        </test-method> <!-- AddCustomer -->
        <test-method status="PASS" signature="tearDown()[pri:0, instance:com.w2a.testcases.AddCustomerTest@59e2d8e3]" name="tearDown" is-config="true" duration-ms="718" started-at="2020-06-27T15:21:38Z" finished-at="2020-06-27T15:21:38Z">
          <reporter-output>
          </reporter-output>
        </test-method> <!-- tearDown -->
      </class> <!-- com.w2a.testcases.AddCustomerTest -->
    </test> <!-- Add Customer Test -->
  </suite> <!-- Data Driver Basics -->
</testng-results>
